app/build/intermediates/manifest_merge_blame_file/release/processReleaseMainManifest/manifest-merger-blame-release-report.txt
1<?xml version="1.0" encoding="utf-8"?>
2<manifest xmlns:android="http://schemas.android.com/apk/res/android"
3    package="com.citymemory"
4    android:versionCode="1"
5    android:versionName="1.0" >
6
7    <uses-sdk
8        android:minSdkVersion="26"
9        android:targetSdkVersion="35" />
10
11    <!--
12      No INTERNET permission: City Memory is fully offline. External navigation is
13      delegated to whatever maps app the user already has, via an implicit Intent.
14    -->
15
16
17    <!--
18      Location is optional and asked for only when the user taps "use my
19      location" while adding a place they are standing in. It does not weaken
20      the offline claim above: a GPS fix comes from satellites and needs no
21      network, which is exactly why the platform LocationManager is used here
22      rather than Play services' fused provider.
23
24      Both are declared because Android 12 and later let the user grant the
25      approximate one instead; the app accepts either and lets them drag the
26      ring the rest of the way.
27    -->
28    <uses-permission android:name="android.permission.ACCESS_FINE_LOCATION" />
28-->src/main/AndroidManifest.xml:20:5-79
28-->src/main/AndroidManifest.xml:20:22-76
29    <uses-permission android:name="android.permission.ACCESS_COARSE_LOCATION" />
29-->src/main/AndroidManifest.xml:21:5-81
29-->src/main/AndroidManifest.xml:21:22-78
30
31    <!-- The app works without a GPS receiver; it just cannot offer the shortcut. -->
32    <uses-feature
32-->src/main/AndroidManifest.xml:24:5-26:36
33        android:name="android.hardware.location.gps"
33-->src/main/AndroidManifest.xml:25:9-53
34        android:required="false" />
34-->src/main/AndroidManifest.xml:26:9-33
35
36    <queries>
36-->src/main/AndroidManifest.xml:28:5-38:15
37
38        <!-- Lets us detect a geo:-capable app before falling back to a web URI. -->
39        <intent>
39-->src/main/AndroidManifest.xml:30:9-33:18
40            <action android:name="android.intent.action.VIEW" />
40-->src/main/AndroidManifest.xml:31:13-65
40-->src/main/AndroidManifest.xml:31:21-62
41
42            <data android:scheme="geo" />
42-->src/main/AndroidManifest.xml:32:13-42
42-->src/main/AndroidManifest.xml:32:19-39
43        </intent>
44        <intent>
44-->src/main/AndroidManifest.xml:34:9-37:18
45            <action android:name="android.intent.action.VIEW" />
45-->src/main/AndroidManifest.xml:31:13-65
45-->src/main/AndroidManifest.xml:31:21-62
46
47            <data android:scheme="https" />
47-->src/main/AndroidManifest.xml:32:13-42
47-->src/main/AndroidManifest.xml:32:19-39
48        </intent>
49    </queries>
50
51    <permission
51-->[androidx.core:core:1.16.0] AndroidManifest.xml:22:5-24:47
52        android:name="com.citymemory.DYNAMIC_RECEIVER_NOT_EXPORTED_PERMISSION"
52-->[androidx.core:core:1.16.0] AndroidManifest.xml:23:9-81
53        android:protectionLevel="signature" />
53-->[androidx.core:core:1.16.0] AndroidManifest.xml:24:9-44
54
55    <uses-permission android:name="com.citymemory.DYNAMIC_RECEIVER_NOT_EXPORTED_PERMISSION" />
55-->[androidx.core:core:1.16.0] AndroidManifest.xml:26:5-97
55-->[androidx.core:core:1.16.0] AndroidManifest.xml:26:22-94
56
57    <application
57-->src/main/AndroidManifest.xml:40:5-70:19
58        android:name="com.citymemory.CityMemoryApplication"
58-->src/main/AndroidManifest.xml:41:9-46
59        android:allowBackup="true"
59-->src/main/AndroidManifest.xml:42:9-35
60        android:appComponentFactory="androidx.core.app.CoreComponentFactory"
60-->[androidx.core:core:1.16.0] AndroidManifest.xml:28:18-86
61        android:dataExtractionRules="@xml/data_extraction_rules"
61-->src/main/AndroidManifest.xml:43:9-65
62        android:extractNativeLibs="false"
63        android:fullBackupContent="@xml/backup_rules"
63-->src/main/AndroidManifest.xml:44:9-54
64        android:icon="@mipmap/ic_launcher"
64-->src/main/AndroidManifest.xml:45:9-43
65        android:label="@string/app_name"
65-->src/main/AndroidManifest.xml:46:9-41
66        android:roundIcon="@mipmap/ic_launcher_round"
66-->src/main/AndroidManifest.xml:47:9-54
67        android:supportsRtl="true"
67-->src/main/AndroidManifest.xml:48:9-35
68        android:theme="@style/Theme.CityMemory" >
68-->src/main/AndroidManifest.xml:49:9-48
69
70        <!--
71          configChanges: this is a Compose-only Activity, so it can absorb
72          configuration changes itself rather than being torn down and rebuilt.
73          That matters more here than in most apps — a rotation would otherwise
74          re-inflate the whole tree and re-run the map's projection of ~387,000
75          points, which is most of a second on a mid-range phone.
76        -->
77        <activity
77-->src/main/AndroidManifest.xml:58:9-69:20
78            android:name="com.citymemory.MainActivity"
78-->src/main/AndroidManifest.xml:59:13-41
79            android:configChanges="orientation|screenSize|screenLayout|smallestScreenSize|keyboardHidden|density|fontScale|uiMode|layoutDirection|locale"
79-->src/main/AndroidManifest.xml:60:13-154
80            android:exported="true"
80-->src/main/AndroidManifest.xml:61:13-36
81            android:resizeableActivity="true"
81-->src/main/AndroidManifest.xml:62:13-46
82            android:theme="@style/Theme.CityMemory"
82-->src/main/AndroidManifest.xml:63:13-52
83            android:windowSoftInputMode="adjustResize" >
83-->src/main/AndroidManifest.xml:64:13-55
84            <intent-filter>
84-->src/main/AndroidManifest.xml:65:13-68:29
85                <action android:name="android.intent.action.MAIN" />
85-->src/main/AndroidManifest.xml:66:17-69
85-->src/main/AndroidManifest.xml:66:25-66
86
87                <category android:name="android.intent.category.LAUNCHER" />
87-->src/main/AndroidManifest.xml:67:17-77
87-->src/main/AndroidManifest.xml:67:27-74
88            </intent-filter>
89        </activity>
90
91        <provider
91-->[androidx.emoji2:emoji2:1.4.0] AndroidManifest.xml:24:9-32:20
92            android:name="androidx.startup.InitializationProvider"
92-->[androidx.emoji2:emoji2:1.4.0] AndroidManifest.xml:25:13-67
93            android:authorities="com.citymemory.androidx-startup"
93-->[androidx.emoji2:emoji2:1.4.0] AndroidManifest.xml:26:13-68
94            android:exported="false" >
94-->[androidx.emoji2:emoji2:1.4.0] AndroidManifest.xml:27:13-37
95            <meta-data
95-->[androidx.emoji2:emoji2:1.4.0] AndroidManifest.xml:29:13-31:52
96                android:name="androidx.emoji2.text.EmojiCompatInitializer"
96-->[androidx.emoji2:emoji2:1.4.0] AndroidManifest.xml:30:17-75
97                android:value="androidx.startup" />
97-->[androidx.emoji2:emoji2:1.4.0] AndroidManifest.xml:31:17-49
98            <meta-data
98-->[androidx.lifecycle:lifecycle-process:2.9.1] AndroidManifest.xml:29:13-31:52
99                android:name="androidx.lifecycle.ProcessLifecycleInitializer"
99-->[androidx.lifecycle:lifecycle-process:2.9.1] AndroidManifest.xml:30:17-78
100                android:value="androidx.startup" />
100-->[androidx.lifecycle:lifecycle-process:2.9.1] AndroidManifest.xml:31:17-49
101            <meta-data
101-->[androidx.profileinstaller:profileinstaller:1.4.0] AndroidManifest.xml:29:13-31:52
102                android:name="androidx.profileinstaller.ProfileInstallerInitializer"
102-->[androidx.profileinstaller:profileinstaller:1.4.0] AndroidManifest.xml:30:17-85
103                android:value="androidx.startup" />
103-->[androidx.profileinstaller:profileinstaller:1.4.0] AndroidManifest.xml:31:17-49
104        </provider>
105
106        <service
106-->[androidx.room:room-runtime-android:2.7.2] AndroidManifest.xml:24:9-28:63
107            android:name="androidx.room.MultiInstanceInvalidationService"
107-->[androidx.room:room-runtime-android:2.7.2] AndroidManifest.xml:25:13-74
108            android:directBootAware="true"
108-->[androidx.room:room-runtime-android:2.7.2] AndroidManifest.xml:26:13-43
109            android:exported="false" />
109-->[androidx.room:room-runtime-android:2.7.2] AndroidManifest.xml:27:13-37
110
111        <receiver
111-->[androidx.profileinstaller:profileinstaller:1.4.0] AndroidManifest.xml:34:9-52:20
112            android:name="androidx.profileinstaller.ProfileInstallReceiver"
112-->[androidx.profileinstaller:profileinstaller:1.4.0] AndroidManifest.xml:35:13-76
113            android:directBootAware="false"
113-->[androidx.profileinstaller:profileinstaller:1.4.0] AndroidManifest.xml:36:13-44
114            android:enabled="true"
114-->[androidx.profileinstaller:profileinstaller:1.4.0] AndroidManifest.xml:37:13-35
115            android:exported="true"
115-->[androidx.profileinstaller:profileinstaller:1.4.0] AndroidManifest.xml:38:13-36
116            android:permission="android.permission.DUMP" >
116-->[androidx.profileinstaller:profileinstaller:1.4.0] AndroidManifest.xml:39:13-57
117            <intent-filter>
117-->[androidx.profileinstaller:profileinstaller:1.4.0] AndroidManifest.xml:40:13-42:29
118                <action android:name="androidx.profileinstaller.action.INSTALL_PROFILE" />
118-->[androidx.profileinstaller:profileinstaller:1.4.0] AndroidManifest.xml:41:17-91
118-->[androidx.profileinstaller:profileinstaller:1.4.0] AndroidManifest.xml:41:25-88
119            </intent-filter>
120            <intent-filter>
120-->[androidx.profileinstaller:profileinstaller:1.4.0] AndroidManifest.xml:43:13-45:29
121                <action android:name="androidx.profileinstaller.action.SKIP_FILE" />
121-->[androidx.profileinstaller:profileinstaller:1.4.0] AndroidManifest.xml:44:17-85
121-->[androidx.profileinstaller:profileinstaller:1.4.0] AndroidManifest.xml:44:25-82
122            </intent-filter>
123            <intent-filter>
123-->[androidx.profileinstaller:profileinstaller:1.4.0] AndroidManifest.xml:46:13-48:29
124                <action android:name="androidx.profileinstaller.action.SAVE_PROFILE" />
124-->[androidx.profileinstaller:profileinstaller:1.4.0] AndroidManifest.xml:47:17-88
124-->[androidx.profileinstaller:profileinstaller:1.4.0] AndroidManifest.xml:47:25-85
125            </intent-filter>
126            <intent-filter>
126-->[androidx.profileinstaller:profileinstaller:1.4.0] AndroidManifest.xml:49:13-51:29
127                <action android:name="androidx.profileinstaller.action.BENCHMARK_OPERATION" />
127-->[androidx.profileinstaller:profileinstaller:1.4.0] AndroidManifest.xml:50:17-95
127-->[androidx.profileinstaller:profileinstaller:1.4.0] AndroidManifest.xml:50:25-92
128            </intent-filter>
129        </receiver>
130    </application>
131
132</manifest>